<?xml version="1.0" encoding="ISO-8859-1"?>

<configuration
   xmlns:xsi="http://www.w3.org/2001/XMLSchema-instance"
   xsi:schemaLocation="http://www.exoplatform.org/xml/ns/kernel_1_2.xsd http://www.exoplatform.org/xml/ns/kernel_1_2.xsd"
   xmlns="http://www.exoplatform.org/xml/ns/kernel_1_2.xsd">

  <component>
    <key>org.exoplatform.services.wcm.core.WCMService</key>
    <type>org.exoplatform.services.wcm.core.impl.WCMServiceImpl</type>
    <init-params>
      <properties-param>
        <name>server.config</name>
        <description>server.config</description>
        <property name="expirationCache" value="30" />
      </properties-param>
    </init-params>
  </component>
  
  <component>
    <key>org.exoplatform.services.cms.link.LinkManager</key>
    <type>org.exoplatform.services.cms.link.impl.LinkManagerImpl</type>
  </component>
  
   <component>
    <key>org.exoplatform.services.cms.documents.TrashService</key>  
    <type>org.exoplatform.services.cms.documents.impl.TrashServiceImpl</type>
    <init-params>
      <value-param>
        <name>trashWorkspace</name>
        <value>collaboration</value>
      </value-param>
      <value-param>
        <name>trashHomeNodePath</name>
        <value>/Trash</value>
      </value-param>
    </init-params>    
  </component>
  
  <component>
    <key>org.exoplatform.services.cms.taxonomy.TaxonomyService</key>
    <type>org.exoplatform.services.cms.taxonomy.impl.TaxonomyServiceImpl</type>
    <init-params>
      <object-param>
        <name>defaultPermission.configuration</name>
        <object type="org.exoplatform.services.cms.taxonomy.impl.TaxonomyTreeDefaultUserPermission">
          <field name="permissions">
            <collection type="java.util.ArrayList">
              <value>
                <object type="org.exoplatform.services.cms.taxonomy.impl.TaxonomyTreeDefaultUserPermission$Permission">
                  <field name="identity">
                    <string>*:/platform/administrators</string>
                  </field>
                  <field name="read">
                    <string>true</string>
                  </field>
                  <field name="addNode">
                    <string>true</string>
                  </field>
                  <field name="setProperty">
                    <string>true</string>
                  </field>
                  <field name="remove">
                    <string>true</string>
                  </field>
                </object>
              </value>
              <value>
                <object type="org.exoplatform.services.cms.taxonomy.impl.TaxonomyTreeDefaultUserPermission$Permission">
                  <field name="identity">
                    <string>*:/platform/users</string>
                  </field>
                  <field name="read">
                    <string>true</string>
                  </field>
                  <field name="addNode">
                    <string>true</string>
                  </field>
                  <field name="setProperty">
                    <string>true</string>
                  </field>
                  <field name="remove">
                    <string>false</string>
                  </field>
                </object>
              </value>
            </collection>
          </field>
        </object>
      </object-param>
    </init-params>
  </component>
  
   <component>
    <type>org.exoplatform.services.cms.impl.DMSConfiguration</type>
  </component>  
  
  <component>
    <key>org.exoplatform.services.ecm.publication.PublicationService</key>
    <type>org.exoplatform.services.ecm.publication.impl.PublicationServiceImpl</type>
  </component>

  <component>
    <key>org.exoplatform.services.ecm.publication.PublicationPresentationService</key>
    <type>org.exoplatform.services.ecm.publication.impl.PublicationPresentationServiceImpl</type>
  </component> 
	
 <component>
    <key>org.exoplatform.services.wcm.publication.WCMPublicationService</key>
    <type>org.exoplatform.services.wcm.publication.WCMPublicationServiceImpl</type>
  </component>

  <component>
    <key>org.exoplatform.services.wcm.publication.WCMComposer</key>
    <type>org.exoplatform.services.wcm.publication.WCMComposerImpl</type>
  </component>

  <component>
    <key>org.exoplatform.services.wcm.metadata.PageMetadataService</key>
    <type>org.exoplatform.services.wcm.metadata.PageMetadataServiceImpl</type>
  </component>
	
  <external-component-plugins>
    <target-component>org.exoplatform.services.cms.impl.DMSConfiguration</target-component>
    <component-plugin>
      <name>dmsconfiguration.plugin</name>
      <set-method>addPlugin</set-method>
      <type>org.exoplatform.services.cms.impl.DMSRepositoryConfiguration</type>
      <description>DMS Repository configuration</description>
      <init-params>
        <value-param>
          <name>repository</name>
          <value>repository</value>
        </value-param>
        <value-param>
          <name>systemWorkspace</name>
          <value>dms-system</value>
        </value-param>
      </init-params>
    </component-plugin>
  </external-component-plugins>
  

</configuration>
